<?xml version="1.0" encoding="UTF-8"?>
<testsuite xmlns:xsi="http://www.w3.org/2001/XMLSchema-instance" xsi:noNamespaceSchemaLocation="https://maven.apache.org/surefire/maven-surefire-plugin/xsd/surefire-test-report.xsd" name="org.example.AppTest" time="0.072" tests="1" errors="0" skipped="0" failures="0">
  <properties>
    <property name="sun.desktop" value="gnome"/>
    <property name="awt.toolkit" value="sun.awt.X11.XToolkit"/>
    <property name="java.specification.version" value="11"/>
    <property name="sun.cpu.isalist" value=""/>
    <property name="sun.jnu.encoding" value="UTF-8"/>
    <property name="java.class.path" value="/home/enghin/Documents/Personal/Projects/NN/target/test-classes:/home/enghin/Documents/Personal/Projects/NN/target/classes:/home/enghin/.m2/repository/org/deeplearning4j/deeplearning4j-core/1.0.0-beta7/deeplearning4j-core-1.0.0-beta7.jar:/home/enghin/.m2/repository/org/deeplearning4j/deeplearning4j-tsne/1.0.0-beta7/deeplearning4j-tsne-1.0.0-beta7.jar:/home/enghin/.m2/repository/org/deeplearning4j/nearestneighbor-core/1.0.0-beta7/nearestneighbor-core-1.0.0-beta7.jar:/home/enghin/.m2/repository/org/deeplearning4j/deeplearning4j-datasets/1.0.0-beta7/deeplearning4j-datasets-1.0.0-beta7.jar:/home/enghin/.m2/repository/org/deeplearning4j/deeplearning4j-common/1.0.0-beta7/deeplearning4j-common-1.0.0-beta7.jar:/home/enghin/.m2/repository/org/deeplearning4j/deeplearning4j-datavec-iterators/1.0.0-beta7/deeplearning4j-datavec-iterators-1.0.0-beta7.jar:/home/enghin/.m2/repository/org/deeplearning4j/deeplearning4j-modelimport/1.0.0-beta7/deeplearning4j-modelimport-1.0.0-beta7.jar:/home/enghin/.m2/repository/com/google/code/gson/gson/2.8.0/gson-2.8.0.jar:/home/enghin/.m2/repository/org/bytedeco/hdf5-platform/1.12.0-1.5.3/hdf5-platform-1.12.0-1.5.3.jar:/home/enghin/.m2/repository/org/bytedeco/javacpp-platform/1.5.3/javacpp-platform-1.5.3.jar:/home/enghin/.m2/repository/org/bytedeco/javacpp/1.5.3/javacpp-1.5.3-android-arm.jar:/home/enghin/.m2/repository/org/bytedeco/javacpp/1.5.3/javacpp-1.5.3-android-arm64.jar:/home/enghin/.m2/repository/org/bytedeco/javacpp/1.5.3/javacpp-1.5.3-android-x86.jar:/home/enghin/.m2/repository/org/bytedeco/javacpp/1.5.3/javacpp-1.5.3-android-x86_64.jar:/home/enghin/.m2/repository/org/bytedeco/javacpp/1.5.3/javacpp-1.5.3-ios-arm64.jar:/home/enghin/.m2/repository/org/bytedeco/javacpp/1.5.3/javacpp-1.5.3-ios-x86_64.jar:/home/enghin/.m2/repository/org/bytedeco/javacpp/1.5.3/javacpp-1.5.3-linux-armhf.jar:/home/enghin/.m2/repository/org/bytedeco/javacpp/1.5.3/javacpp-1.5.3-linux-arm64.jar:/home/enghin/.m2/repository/org/bytedeco/javacpp/1.5.3/javacpp-1.5.3-linux-ppc64le.jar:/home/enghin/.m2/repository/org/bytedeco/javacpp/1.5.3/javacpp-1.5.3-linux-x86.jar:/home/enghin/.m2/repository/org/bytedeco/javacpp/1.5.3/javacpp-1.5.3-macosx-x86_64.jar:/home/enghin/.m2/repository/org/bytedeco/javacpp/1.5.3/javacpp-1.5.3-windows-x86.jar:/home/enghin/.m2/repository/org/bytedeco/javacpp/1.5.3/javacpp-1.5.3-windows-x86_64.jar:/home/enghin/.m2/repository/org/bytedeco/hdf5/1.12.0-1.5.3/hdf5-1.12.0-1.5.3.jar:/home/enghin/.m2/repository/org/bytedeco/hdf5/1.12.0-1.5.3/hdf5-1.12.0-1.5.3-linux-x86.jar:/home/enghin/.m2/repository/org/bytedeco/hdf5/1.12.0-1.5.3/hdf5-1.12.0-1.5.3-linux-x86_64.jar:/home/enghin/.m2/repository/org/bytedeco/hdf5/1.12.0-1.5.3/hdf5-1.12.0-1.5.3-linux-armhf.jar:/home/enghin/.m2/repository/org/bytedeco/hdf5/1.12.0-1.5.3/hdf5-1.12.0-1.5.3-linux-arm64.jar:/home/enghin/.m2/repository/org/bytedeco/hdf5/1.12.0-1.5.3/hdf5-1.12.0-1.5.3-linux-ppc64le.jar:/home/enghin/.m2/repository/org/bytedeco/hdf5/1.12.0-1.5.3/hdf5-1.12.0-1.5.3-macosx-x86_64.jar:/home/enghin/.m2/repository/org/bytedeco/hdf5/1.12.0-1.5.3/hdf5-1.12.0-1.5.3-windows-x86.jar:/home/enghin/.m2/repository/org/bytedeco/hdf5/1.12.0-1.5.3/hdf5-1.12.0-1.5.3-windows-x86_64.jar:/home/enghin/.m2/repository/org/slf4j/slf4j-api/1.7.21/slf4j-api-1.7.21.jar:/home/enghin/.m2/repository/org/deeplearning4j/deeplearning4j-nn/1.0.0-beta7/deeplearning4j-nn-1.0.0-beta7.jar:/home/enghin/.m2/repository/org/deeplearning4j/deeplearning4j-utility-iterators/1.0.0-beta7/deeplearning4j-utility-iterators-1.0.0-beta7.jar:/home/enghin/.m2/repository/org/lucee/oswego-concurrent/1.3.4/oswego-concurrent-1.3.4.jar:/home/enghin/.m2/repository/org/nd4j/nd4j-common/1.0.0-beta7/nd4j-common-1.0.0-beta7.jar:/home/enghin/.m2/repository/org/nd4j/guava/1.0.0-beta7/guava-1.0.0-beta7.jar:/home/enghin/.m2/repository/it/unimi/dsi/fastutil/6.5.7/fastutil-6.5.7.jar:/home/enghin/.m2/repository/org/apache/commons/commons-math3/3.5/commons-math3-3.5.jar:/home/enghin/.m2/repository/commons-io/commons-io/2.5/commons-io-2.5.jar:/home/enghin/.m2/repository/org/apache/commons/commons-compress/1.18/commons-compress-1.18.jar:/home/enghin/.m2/repository/org/nd4j/nd4j-api/1.0.0-beta7/nd4j-api-1.0.0-beta7.jar:/home/enghin/.m2/repository/com/jakewharton/byteunits/byteunits/0.9.1/byteunits-0.9.1.jar:/home/enghin/.m2/repository/com/google/flatbuffers/flatbuffers-java/1.10.0/flatbuffers-java-1.10.0.jar:/home/enghin/.m2/repository/org/nd4j/protobuf/1.0.0-beta7/protobuf-1.0.0-beta7.jar:/home/enghin/.m2/repository/commons-net/commons-net/3.1/commons-net-3.1.jar:/home/enghin/.m2/repository/net/ericaro/neoitertools/1.0.0/neoitertools-1.0.0.jar:/home/enghin/.m2/repository/org/apache/commons/commons-lang3/3.6/commons-lang3-3.6.jar:/home/enghin/.m2/repository/org/nd4j/jackson/1.0.0-beta7/jackson-1.0.0-beta7.jar:/home/enghin/.m2/repository/org/datavec/datavec-api/1.0.0-beta7/datavec-api-1.0.0-beta7.jar:/home/enghin/.m2/repository/commons-codec/commons-codec/1.10/commons-codec-1.10.jar:/home/enghin/.m2/repository/joda-time/joda-time/2.2/joda-time-2.2.jar:/home/enghin/.m2/repository/org/freemarker/freemarker/2.3.23/freemarker-2.3.23.jar:/home/enghin/.m2/repository/com/clearspring/analytics/stream/2.9.8/stream-2.9.8.jar:/home/enghin/.m2/repository/net/sf/opencsv/opencsv/2.3/opencsv-2.3.jar:/home/enghin/.m2/repository/com/tdunning/t-digest/3.2/t-digest-3.2.jar:/home/enghin/.m2/repository/org/datavec/datavec-data-image/1.0.0-beta7/datavec-data-image-1.0.0-beta7.jar:/home/enghin/.m2/repository/com/github/jai-imageio/jai-imageio-core/1.3.0/jai-imageio-core-1.3.0.jar:/home/enghin/.m2/repository/com/twelvemonkeys/imageio/imageio-jpeg/3.1.1/imageio-jpeg-3.1.1.jar:/home/enghin/.m2/repository/com/twelvemonkeys/imageio/imageio-core/3.1.1/imageio-core-3.1.1.jar:/home/enghin/.m2/repository/com/twelvemonkeys/imageio/imageio-metadata/3.1.1/imageio-metadata-3.1.1.jar:/home/enghin/.m2/repository/com/twelvemonkeys/common/common-lang/3.1.1/common-lang-3.1.1.jar:/home/enghin/.m2/repository/com/twelvemonkeys/common/common-io/3.1.1/common-io-3.1.1.jar:/home/enghin/.m2/repository/com/twelvemonkeys/common/common-image/3.1.1/common-image-3.1.1.jar:/home/enghin/.m2/repository/com/twelvemonkeys/imageio/imageio-tiff/3.1.1/imageio-tiff-3.1.1.jar:/home/enghin/.m2/repository/com/twelvemonkeys/imageio/imageio-psd/3.1.1/imageio-psd-3.1.1.jar:/home/enghin/.m2/repository/com/twelvemonkeys/imageio/imageio-bmp/3.1.1/imageio-bmp-3.1.1.jar:/home/enghin/.m2/repository/org/bytedeco/javacv/1.5.3/javacv-1.5.3.jar:/home/enghin/.m2/repository/org/bytedeco/opencv/4.3.0-1.5.3/opencv-4.3.0-1.5.3.jar:/home/enghin/.m2/repository/org/bytedeco/ffmpeg/4.2.2-1.5.3/ffmpeg-4.2.2-1.5.3.jar:/home/enghin/.m2/repository/org/bytedeco/flycapture/2.13.3.31-1.5.3/flycapture-2.13.3.31-1.5.3.jar:/home/enghin/.m2/repository/org/bytedeco/libdc1394/2.2.6-1.5.3/libdc1394-2.2.6-1.5.3.jar:/home/enghin/.m2/repository/org/bytedeco/libfreenect/0.5.7-1.5.3/libfreenect-0.5.7-1.5.3.jar:/home/enghin/.m2/repository/org/bytedeco/libfreenect2/0.2.0-1.5.3/libfreenect2-0.2.0-1.5.3.jar:/home/enghin/.m2/repository/org/bytedeco/librealsense/1.12.4-1.5.3/librealsense-1.12.4-1.5.3.jar:/home/enghin/.m2/repository/org/bytedeco/librealsense2/2.29.0-1.5.3/librealsense2-2.29.0-1.5.3.jar:/home/enghin/.m2/repository/org/bytedeco/videoinput/0.200-1.5.3/videoinput-0.200-1.5.3.jar:/home/enghin/.m2/repository/org/bytedeco/artoolkitplus/2.3.1-1.5.3/artoolkitplus-2.3.1-1.5.3.jar:/home/enghin/.m2/repository/org/bytedeco/flandmark/1.07-1.5.3/flandmark-1.07-1.5.3.jar:/home/enghin/.m2/repository/org/bytedeco/leptonica/1.79.0-1.5.3/leptonica-1.79.0-1.5.3.jar:/home/enghin/.m2/repository/org/bytedeco/tesseract/4.1.1-1.5.3/tesseract-4.1.1-1.5.3.jar:/home/enghin/.m2/repository/org/openjfx/javafx-graphics/11/javafx-graphics-11.jar:/home/enghin/.m2/repository/org/openjfx/javafx-graphics/11/javafx-graphics-11-linux.jar:/home/enghin/.m2/repository/org/openjfx/javafx-base/11/javafx-base-11.jar:/home/enghin/.m2/repository/org/openjfx/javafx-base/11/javafx-base-11-linux.jar:/home/enghin/.m2/repository/org/bytedeco/opencv-platform/4.3.0-1.5.3/opencv-platform-4.3.0-1.5.3.jar:/home/enghin/.m2/repository/org/bytedeco/openblas-platform/0.3.9-1.5.3/openblas-platform-0.3.9-1.5.3.jar:/home/enghin/.m2/repository/org/bytedeco/openblas/0.3.9-1.5.3/openblas-0.3.9-1.5.3-android-arm.jar:/home/enghin/.m2/repository/org/bytedeco/openblas/0.3.9-1.5.3/openblas-0.3.9-1.5.3-android-arm64.jar:/home/enghin/.m2/repository/org/bytedeco/openblas/0.3.9-1.5.3/openblas-0.3.9-1.5.3-android-x86.jar:/home/enghin/.m2/repository/org/bytedeco/openblas/0.3.9-1.5.3/openblas-0.3.9-1.5.3-android-x86_64.jar:/home/enghin/.m2/repository/org/bytedeco/openblas/0.3.9-1.5.3/openblas-0.3.9-1.5.3-ios-arm64.jar:/home/enghin/.m2/repository/org/bytedeco/openblas/0.3.9-1.5.3/openblas-0.3.9-1.5.3-ios-x86_64.jar:/home/enghin/.m2/repository/org/bytedeco/openblas/0.3.9-1.5.3/openblas-0.3.9-1.5.3-linux-x86.jar:/home/enghin/.m2/repository/org/bytedeco/openblas/0.3.9-1.5.3/openblas-0.3.9-1.5.3-linux-armhf.jar:/home/enghin/.m2/repository/org/bytedeco/openblas/0.3.9-1.5.3/openblas-0.3.9-1.5.3-linux-arm64.jar:/home/enghin/.m2/repository/org/bytedeco/openblas/0.3.9-1.5.3/openblas-0.3.9-1.5.3-linux-ppc64le.jar:/home/enghin/.m2/repository/org/bytedeco/openblas/0.3.9-1.5.3/openblas-0.3.9-1.5.3-macosx-x86_64.jar:/home/enghin/.m2/repository/org/bytedeco/openblas/0.3.9-1.5.3/openblas-0.3.9-1.5.3-windows-x86.jar:/home/enghin/.m2/repository/org/bytedeco/openblas/0.3.9-1.5.3/openblas-0.3.9-1.5.3-windows-x86_64.jar:/home/enghin/.m2/repository/org/bytedeco/opencv/4.3.0-1.5.3/opencv-4.3.0-1.5.3-android-arm.jar:/home/enghin/.m2/repository/org/bytedeco/opencv/4.3.0-1.5.3/opencv-4.3.0-1.5.3-android-arm64.jar:/home/enghin/.m2/repository/org/bytedeco/opencv/4.3.0-1.5.3/opencv-4.3.0-1.5.3-android-x86.jar:/home/enghin/.m2/repository/org/bytedeco/opencv/4.3.0-1.5.3/opencv-4.3.0-1.5.3-android-x86_64.jar:/home/enghin/.m2/repository/org/bytedeco/opencv/4.3.0-1.5.3/opencv-4.3.0-1.5.3-ios-arm64.jar:/home/enghin/.m2/repository/org/bytedeco/opencv/4.3.0-1.5.3/opencv-4.3.0-1.5.3-ios-x86_64.jar:/home/enghin/.m2/repository/org/bytedeco/opencv/4.3.0-1.5.3/opencv-4.3.0-1.5.3-linux-x86.jar:/home/enghin/.m2/repository/org/bytedeco/opencv/4.3.0-1.5.3/opencv-4.3.0-1.5.3-linux-x86_64.jar:/home/enghin/.m2/repository/org/bytedeco/opencv/4.3.0-1.5.3/opencv-4.3.0-1.5.3-linux-armhf.jar:/home/enghin/.m2/repository/org/bytedeco/opencv/4.3.0-1.5.3/opencv-4.3.0-1.5.3-linux-arm64.jar:/home/enghin/.m2/repository/org/bytedeco/opencv/4.3.0-1.5.3/opencv-4.3.0-1.5.3-linux-ppc64le.jar:/home/enghin/.m2/repository/org/bytedeco/opencv/4.3.0-1.5.3/opencv-4.3.0-1.5.3-macosx-x86_64.jar:/home/enghin/.m2/repository/org/bytedeco/opencv/4.3.0-1.5.3/opencv-4.3.0-1.5.3-windows-x86.jar:/home/enghin/.m2/repository/org/bytedeco/opencv/4.3.0-1.5.3/opencv-4.3.0-1.5.3-windows-x86_64.jar:/home/enghin/.m2/repository/org/bytedeco/leptonica-platform/1.79.0-1.5.3/leptonica-platform-1.79.0-1.5.3.jar:/home/enghin/.m2/repository/org/bytedeco/leptonica/1.79.0-1.5.3/leptonica-1.79.0-1.5.3-android-arm.jar:/home/enghin/.m2/repository/org/bytedeco/leptonica/1.79.0-1.5.3/leptonica-1.79.0-1.5.3-android-arm64.jar:/home/enghin/.m2/repository/org/bytedeco/leptonica/1.79.0-1.5.3/leptonica-1.79.0-1.5.3-android-x86.jar:/home/enghin/.m2/repository/org/bytedeco/leptonica/1.79.0-1.5.3/leptonica-1.79.0-1.5.3-android-x86_64.jar:/home/enghin/.m2/repository/org/bytedeco/leptonica/1.79.0-1.5.3/leptonica-1.79.0-1.5.3-linux-x86.jar:/home/enghin/.m2/repository/org/bytedeco/leptonica/1.79.0-1.5.3/leptonica-1.79.0-1.5.3-linux-x86_64.jar:/home/enghin/.m2/repository/org/bytedeco/leptonica/1.79.0-1.5.3/leptonica-1.79.0-1.5.3-linux-armhf.jar:/home/enghin/.m2/repository/org/bytedeco/leptonica/1.79.0-1.5.3/leptonica-1.79.0-1.5.3-linux-arm64.jar:/home/enghin/.m2/repository/org/bytedeco/leptonica/1.79.0-1.5.3/leptonica-1.79.0-1.5.3-linux-ppc64le.jar:/home/enghin/.m2/repository/org/bytedeco/leptonica/1.79.0-1.5.3/leptonica-1.79.0-1.5.3-macosx-x86_64.jar:/home/enghin/.m2/repository/org/bytedeco/leptonica/1.79.0-1.5.3/leptonica-1.79.0-1.5.3-windows-x86.jar:/home/enghin/.m2/repository/org/bytedeco/leptonica/1.79.0-1.5.3/leptonica-1.79.0-1.5.3-windows-x86_64.jar:/home/enghin/.m2/repository/org/deeplearning4j/deeplearning4j-ui-components/1.0.0-beta7/deeplearning4j-ui-components-1.0.0-beta7.jar:/home/enghin/.m2/repository/com/github/oshi/oshi-json/3.4.2/oshi-json-3.4.2.jar:/home/enghin/.m2/repository/org/glassfish/javax.json/1.0.4/javax.json-1.0.4.jar:/home/enghin/.m2/repository/com/github/oshi/oshi-core/3.4.2/oshi-core-3.4.2.jar:/home/enghin/.m2/repository/net/java/dev/jna/jna-platform/4.3.0/jna-platform-4.3.0.jar:/home/enghin/.m2/repository/net/java/dev/jna/jna/4.3.0/jna-4.3.0.jar:/home/enghin/.m2/repository/org/threeten/threetenbp/1.3.3/threetenbp-1.3.3.jar:/home/enghin/.m2/repository/org/nd4j/nd4j-native/1.0.0-beta7/nd4j-native-1.0.0-beta7.jar:/home/enghin/.m2/repository/org/nd4j/nd4j-native/1.0.0-beta7/nd4j-native-1.0.0-beta7-linux-x86_64.jar:/home/enghin/.m2/repository/org/bytedeco/javacpp/1.5.3/javacpp-1.5.3.jar:/home/enghin/.m2/repository/org/bytedeco/javacpp/1.5.3/javacpp-1.5.3-linux-x86_64.jar:/home/enghin/.m2/repository/org/bytedeco/openblas/0.3.9-1-1.5.3/openblas-0.3.9-1-1.5.3.jar:/home/enghin/.m2/repository/org/bytedeco/openblas/0.3.9-1-1.5.3/openblas-0.3.9-1-1.5.3-linux-x86_64.jar:/home/enghin/.m2/repository/org/nd4j/nd4j-native-api/1.0.0-beta7/nd4j-native-api-1.0.0-beta7.jar:/home/enghin/.m2/repository/junit/junit/4.11/junit-4.11.jar:/home/enghin/.m2/repository/org/hamcrest/hamcrest-core/1.3/hamcrest-core-1.3.jar:"/>
    <property name="java.vm.vendor" value="Oracle Corporation"/>
    <property name="sun.arch.data.model" value="64"/>
    <property name="java.vendor.url" value="http://java.oracle.com/"/>
    <property name="user.timezone" value=""/>
    <property name="java.vm.specification.version" value="11"/>
    <property name="os.name" value="Linux"/>
    <property name="sun.java.launcher" value="SUN_STANDARD"/>
    <property name="user.country" value="US"/>
    <property name="sun.boot.library.path" value="/home/enghin/.sdkman/candidates/java/11.0.6-open/lib"/>
    <property name="sun.java.command" value="/home/enghin/Documents/Personal/Projects/NN/target/surefire/surefirebooter5402885322607215842.jar /home/enghin/Documents/Personal/Projects/NN/target/surefire 2020-11-04T12-00-36_774-jvmRun1 surefire283606072976276355tmp surefire_08642726613562231496tmp"/>
    <property name="jdk.debug" value="release"/>
    <property name="surefire.test.class.path" value="/home/enghin/Documents/Personal/Projects/NN/target/test-classes:/home/enghin/Documents/Personal/Projects/NN/target/classes:/home/enghin/.m2/repository/org/deeplearning4j/deeplearning4j-core/1.0.0-beta7/deeplearning4j-core-1.0.0-beta7.jar:/home/enghin/.m2/repository/org/deeplearning4j/deeplearning4j-tsne/1.0.0-beta7/deeplearning4j-tsne-1.0.0-beta7.jar:/home/enghin/.m2/repository/org/deeplearning4j/nearestneighbor-core/1.0.0-beta7/nearestneighbor-core-1.0.0-beta7.jar:/home/enghin/.m2/repository/org/deeplearning4j/deeplearning4j-datasets/1.0.0-beta7/deeplearning4j-datasets-1.0.0-beta7.jar:/home/enghin/.m2/repository/org/deeplearning4j/deeplearning4j-common/1.0.0-beta7/deeplearning4j-common-1.0.0-beta7.jar:/home/enghin/.m2/repository/org/deeplearning4j/deeplearning4j-datavec-iterators/1.0.0-beta7/deeplearning4j-datavec-iterators-1.0.0-beta7.jar:/home/enghin/.m2/repository/org/deeplearning4j/deeplearning4j-modelimport/1.0.0-beta7/deeplearning4j-modelimport-1.0.0-beta7.jar:/home/enghin/.m2/repository/com/google/code/gson/gson/2.8.0/gson-2.8.0.jar:/home/enghin/.m2/repository/org/bytedeco/hdf5-platform/1.12.0-1.5.3/hdf5-platform-1.12.0-1.5.3.jar:/home/enghin/.m2/repository/org/bytedeco/javacpp-platform/1.5.3/javacpp-platform-1.5.3.jar:/home/enghin/.m2/repository/org/bytedeco/javacpp/1.5.3/javacpp-1.5.3-android-arm.jar:/home/enghin/.m2/repository/org/bytedeco/javacpp/1.5.3/javacpp-1.5.3-android-arm64.jar:/home/enghin/.m2/repository/org/bytedeco/javacpp/1.5.3/javacpp-1.5.3-android-x86.jar:/home/enghin/.m2/repository/org/bytedeco/javacpp/1.5.3/javacpp-1.5.3-android-x86_64.jar:/home/enghin/.m2/repository/org/bytedeco/javacpp/1.5.3/javacpp-1.5.3-ios-arm64.jar:/home/enghin/.m2/repository/org/bytedeco/javacpp/1.5.3/javacpp-1.5.3-ios-x86_64.jar:/home/enghin/.m2/repository/org/bytedeco/javacpp/1.5.3/javacpp-1.5.3-linux-armhf.jar:/home/enghin/.m2/repository/org/bytedeco/javacpp/1.5.3/javacpp-1.5.3-linux-arm64.jar:/home/enghin/.m2/repository/org/bytedeco/javacpp/1.5.3/javacpp-1.5.3-linux-ppc64le.jar:/home/enghin/.m2/repository/org/bytedeco/javacpp/1.5.3/javacpp-1.5.3-linux-x86.jar:/home/enghin/.m2/repository/org/bytedeco/javacpp/1.5.3/javacpp-1.5.3-macosx-x86_64.jar:/home/enghin/.m2/repository/org/bytedeco/javacpp/1.5.3/javacpp-1.5.3-windows-x86.jar:/home/enghin/.m2/repository/org/bytedeco/javacpp/1.5.3/javacpp-1.5.3-windows-x86_64.jar:/home/enghin/.m2/repository/org/bytedeco/hdf5/1.12.0-1.5.3/hdf5-1.12.0-1.5.3.jar:/home/enghin/.m2/repository/org/bytedeco/hdf5/1.12.0-1.5.3/hdf5-1.12.0-1.5.3-linux-x86.jar:/home/enghin/.m2/repository/org/bytedeco/hdf5/1.12.0-1.5.3/hdf5-1.12.0-1.5.3-linux-x86_64.jar:/home/enghin/.m2/repository/org/bytedeco/hdf5/1.12.0-1.5.3/hdf5-1.12.0-1.5.3-linux-armhf.jar:/home/enghin/.m2/repository/org/bytedeco/hdf5/1.12.0-1.5.3/hdf5-1.12.0-1.5.3-linux-arm64.jar:/home/enghin/.m2/repository/org/bytedeco/hdf5/1.12.0-1.5.3/hdf5-1.12.0-1.5.3-linux-ppc64le.jar:/home/enghin/.m2/repository/org/bytedeco/hdf5/1.12.0-1.5.3/hdf5-1.12.0-1.5.3-macosx-x86_64.jar:/home/enghin/.m2/repository/org/bytedeco/hdf5/1.12.0-1.5.3/hdf5-1.12.0-1.5.3-windows-x86.jar:/home/enghin/.m2/repository/org/bytedeco/hdf5/1.12.0-1.5.3/hdf5-1.12.0-1.5.3-windows-x86_64.jar:/home/enghin/.m2/repository/org/slf4j/slf4j-api/1.7.21/slf4j-api-1.7.21.jar:/home/enghin/.m2/repository/org/deeplearning4j/deeplearning4j-nn/1.0.0-beta7/deeplearning4j-nn-1.0.0-beta7.jar:/home/enghin/.m2/repository/org/deeplearning4j/deeplearning4j-utility-iterators/1.0.0-beta7/deeplearning4j-utility-iterators-1.0.0-beta7.jar:/home/enghin/.m2/repository/org/lucee/oswego-concurrent/1.3.4/oswego-concurrent-1.3.4.jar:/home/enghin/.m2/repository/org/nd4j/nd4j-common/1.0.0-beta7/nd4j-common-1.0.0-beta7.jar:/home/enghin/.m2/repository/org/nd4j/guava/1.0.0-beta7/guava-1.0.0-beta7.jar:/home/enghin/.m2/repository/it/unimi/dsi/fastutil/6.5.7/fastutil-6.5.7.jar:/home/enghin/.m2/repository/org/apache/commons/commons-math3/3.5/commons-math3-3.5.jar:/home/enghin/.m2/repository/commons-io/commons-io/2.5/commons-io-2.5.jar:/home/enghin/.m2/repository/org/apache/commons/commons-compress/1.18/commons-compress-1.18.jar:/home/enghin/.m2/repository/org/nd4j/nd4j-api/1.0.0-beta7/nd4j-api-1.0.0-beta7.jar:/home/enghin/.m2/repository/com/jakewharton/byteunits/byteunits/0.9.1/byteunits-0.9.1.jar:/home/enghin/.m2/repository/com/google/flatbuffers/flatbuffers-java/1.10.0/flatbuffers-java-1.10.0.jar:/home/enghin/.m2/repository/org/nd4j/protobuf/1.0.0-beta7/protobuf-1.0.0-beta7.jar:/home/enghin/.m2/repository/commons-net/commons-net/3.1/commons-net-3.1.jar:/home/enghin/.m2/repository/net/ericaro/neoitertools/1.0.0/neoitertools-1.0.0.jar:/home/enghin/.m2/repository/org/apache/commons/commons-lang3/3.6/commons-lang3-3.6.jar:/home/enghin/.m2/repository/org/nd4j/jackson/1.0.0-beta7/jackson-1.0.0-beta7.jar:/home/enghin/.m2/repository/org/datavec/datavec-api/1.0.0-beta7/datavec-api-1.0.0-beta7.jar:/home/enghin/.m2/repository/commons-codec/commons-codec/1.10/commons-codec-1.10.jar:/home/enghin/.m2/repository/joda-time/joda-time/2.2/joda-time-2.2.jar:/home/enghin/.m2/repository/org/freemarker/freemarker/2.3.23/freemarker-2.3.23.jar:/home/enghin/.m2/repository/com/clearspring/analytics/stream/2.9.8/stream-2.9.8.jar:/home/enghin/.m2/repository/net/sf/opencsv/opencsv/2.3/opencsv-2.3.jar:/home/enghin/.m2/repository/com/tdunning/t-digest/3.2/t-digest-3.2.jar:/home/enghin/.m2/repository/org/datavec/datavec-data-image/1.0.0-beta7/datavec-data-image-1.0.0-beta7.jar:/home/enghin/.m2/repository/com/github/jai-imageio/jai-imageio-core/1.3.0/jai-imageio-core-1.3.0.jar:/home/enghin/.m2/repository/com/twelvemonkeys/imageio/imageio-jpeg/3.1.1/imageio-jpeg-3.1.1.jar:/home/enghin/.m2/repository/com/twelvemonkeys/imageio/imageio-core/3.1.1/imageio-core-3.1.1.jar:/home/enghin/.m2/repository/com/twelvemonkeys/imageio/imageio-metadata/3.1.1/imageio-metadata-3.1.1.jar:/home/enghin/.m2/repository/com/twelvemonkeys/common/common-lang/3.1.1/common-lang-3.1.1.jar:/home/enghin/.m2/repository/com/twelvemonkeys/common/common-io/3.1.1/common-io-3.1.1.jar:/home/enghin/.m2/repository/com/twelvemonkeys/common/common-image/3.1.1/common-image-3.1.1.jar:/home/enghin/.m2/repository/com/twelvemonkeys/imageio/imageio-tiff/3.1.1/imageio-tiff-3.1.1.jar:/home/enghin/.m2/repository/com/twelvemonkeys/imageio/imageio-psd/3.1.1/imageio-psd-3.1.1.jar:/home/enghin/.m2/repository/com/twelvemonkeys/imageio/imageio-bmp/3.1.1/imageio-bmp-3.1.1.jar:/home/enghin/.m2/repository/org/bytedeco/javacv/1.5.3/javacv-1.5.3.jar:/home/enghin/.m2/repository/org/bytedeco/opencv/4.3.0-1.5.3/opencv-4.3.0-1.5.3.jar:/home/enghin/.m2/repository/org/bytedeco/ffmpeg/4.2.2-1.5.3/ffmpeg-4.2.2-1.5.3.jar:/home/enghin/.m2/repository/org/bytedeco/flycapture/2.13.3.31-1.5.3/flycapture-2.13.3.31-1.5.3.jar:/home/enghin/.m2/repository/org/bytedeco/libdc1394/2.2.6-1.5.3/libdc1394-2.2.6-1.5.3.jar:/home/enghin/.m2/repository/org/bytedeco/libfreenect/0.5.7-1.5.3/libfreenect-0.5.7-1.5.3.jar:/home/enghin/.m2/repository/org/bytedeco/libfreenect2/0.2.0-1.5.3/libfreenect2-0.2.0-1.5.3.jar:/home/enghin/.m2/repository/org/bytedeco/librealsense/1.12.4-1.5.3/librealsense-1.12.4-1.5.3.jar:/home/enghin/.m2/repository/org/bytedeco/librealsense2/2.29.0-1.5.3/librealsense2-2.29.0-1.5.3.jar:/home/enghin/.m2/repository/org/bytedeco/videoinput/0.200-1.5.3/videoinput-0.200-1.5.3.jar:/home/enghin/.m2/repository/org/bytedeco/artoolkitplus/2.3.1-1.5.3/artoolkitplus-2.3.1-1.5.3.jar:/home/enghin/.m2/repository/org/bytedeco/flandmark/1.07-1.5.3/flandmark-1.07-1.5.3.jar:/home/enghin/.m2/repository/org/bytedeco/leptonica/1.79.0-1.5.3/leptonica-1.79.0-1.5.3.jar:/home/enghin/.m2/repository/org/bytedeco/tesseract/4.1.1-1.5.3/tesseract-4.1.1-1.5.3.jar:/home/enghin/.m2/repository/org/openjfx/javafx-graphics/11/javafx-graphics-11.jar:/home/enghin/.m2/repository/org/openjfx/javafx-graphics/11/javafx-graphics-11-linux.jar:/home/enghin/.m2/repository/org/openjfx/javafx-base/11/javafx-base-11.jar:/home/enghin/.m2/repository/org/openjfx/javafx-base/11/javafx-base-11-linux.jar:/home/enghin/.m2/repository/org/bytedeco/opencv-platform/4.3.0-1.5.3/opencv-platform-4.3.0-1.5.3.jar:/home/enghin/.m2/repository/org/bytedeco/openblas-platform/0.3.9-1.5.3/openblas-platform-0.3.9-1.5.3.jar:/home/enghin/.m2/repository/org/bytedeco/openblas/0.3.9-1.5.3/openblas-0.3.9-1.5.3-android-arm.jar:/home/enghin/.m2/repository/org/bytedeco/openblas/0.3.9-1.5.3/openblas-0.3.9-1.5.3-android-arm64.jar:/home/enghin/.m2/repository/org/bytedeco/openblas/0.3.9-1.5.3/openblas-0.3.9-1.5.3-android-x86.jar:/home/enghin/.m2/repository/org/bytedeco/openblas/0.3.9-1.5.3/openblas-0.3.9-1.5.3-android-x86_64.jar:/home/enghin/.m2/repository/org/bytedeco/openblas/0.3.9-1.5.3/openblas-0.3.9-1.5.3-ios-arm64.jar:/home/enghin/.m2/repository/org/bytedeco/openblas/0.3.9-1.5.3/openblas-0.3.9-1.5.3-ios-x86_64.jar:/home/enghin/.m2/repository/org/bytedeco/openblas/0.3.9-1.5.3/openblas-0.3.9-1.5.3-linux-x86.jar:/home/enghin/.m2/repository/org/bytedeco/openblas/0.3.9-1.5.3/openblas-0.3.9-1.5.3-linux-armhf.jar:/home/enghin/.m2/repository/org/bytedeco/openblas/0.3.9-1.5.3/openblas-0.3.9-1.5.3-linux-arm64.jar:/home/enghin/.m2/repository/org/bytedeco/openblas/0.3.9-1.5.3/openblas-0.3.9-1.5.3-linux-ppc64le.jar:/home/enghin/.m2/repository/org/bytedeco/openblas/0.3.9-1.5.3/openblas-0.3.9-1.5.3-macosx-x86_64.jar:/home/enghin/.m2/repository/org/bytedeco/openblas/0.3.9-1.5.3/openblas-0.3.9-1.5.3-windows-x86.jar:/home/enghin/.m2/repository/org/bytedeco/openblas/0.3.9-1.5.3/openblas-0.3.9-1.5.3-windows-x86_64.jar:/home/enghin/.m2/repository/org/bytedeco/opencv/4.3.0-1.5.3/opencv-4.3.0-1.5.3-android-arm.jar:/home/enghin/.m2/repository/org/bytedeco/opencv/4.3.0-1.5.3/opencv-4.3.0-1.5.3-android-arm64.jar:/home/enghin/.m2/repository/org/bytedeco/opencv/4.3.0-1.5.3/opencv-4.3.0-1.5.3-android-x86.jar:/home/enghin/.m2/repository/org/bytedeco/opencv/4.3.0-1.5.3/opencv-4.3.0-1.5.3-android-x86_64.jar:/home/enghin/.m2/repository/org/bytedeco/opencv/4.3.0-1.5.3/opencv-4.3.0-1.5.3-ios-arm64.jar:/home/enghin/.m2/repository/org/bytedeco/opencv/4.3.0-1.5.3/opencv-4.3.0-1.5.3-ios-x86_64.jar:/home/enghin/.m2/repository/org/bytedeco/opencv/4.3.0-1.5.3/opencv-4.3.0-1.5.3-linux-x86.jar:/home/enghin/.m2/repository/org/bytedeco/opencv/4.3.0-1.5.3/opencv-4.3.0-1.5.3-linux-x86_64.jar:/home/enghin/.m2/repository/org/bytedeco/opencv/4.3.0-1.5.3/opencv-4.3.0-1.5.3-linux-armhf.jar:/home/enghin/.m2/repository/org/bytedeco/opencv/4.3.0-1.5.3/opencv-4.3.0-1.5.3-linux-arm64.jar:/home/enghin/.m2/repository/org/bytedeco/opencv/4.3.0-1.5.3/opencv-4.3.0-1.5.3-linux-ppc64le.jar:/home/enghin/.m2/repository/org/bytedeco/opencv/4.3.0-1.5.3/opencv-4.3.0-1.5.3-macosx-x86_64.jar:/home/enghin/.m2/repository/org/bytedeco/opencv/4.3.0-1.5.3/opencv-4.3.0-1.5.3-windows-x86.jar:/home/enghin/.m2/repository/org/bytedeco/opencv/4.3.0-1.5.3/opencv-4.3.0-1.5.3-windows-x86_64.jar:/home/enghin/.m2/repository/org/bytedeco/leptonica-platform/1.79.0-1.5.3/leptonica-platform-1.79.0-1.5.3.jar:/home/enghin/.m2/repository/org/bytedeco/leptonica/1.79.0-1.5.3/leptonica-1.79.0-1.5.3-android-arm.jar:/home/enghin/.m2/repository/org/bytedeco/leptonica/1.79.0-1.5.3/leptonica-1.79.0-1.5.3-android-arm64.jar:/home/enghin/.m2/repository/org/bytedeco/leptonica/1.79.0-1.5.3/leptonica-1.79.0-1.5.3-android-x86.jar:/home/enghin/.m2/repository/org/bytedeco/leptonica/1.79.0-1.5.3/leptonica-1.79.0-1.5.3-android-x86_64.jar:/home/enghin/.m2/repository/org/bytedeco/leptonica/1.79.0-1.5.3/leptonica-1.79.0-1.5.3-linux-x86.jar:/home/enghin/.m2/repository/org/bytedeco/leptonica/1.79.0-1.5.3/leptonica-1.79.0-1.5.3-linux-x86_64.jar:/home/enghin/.m2/repository/org/bytedeco/leptonica/1.79.0-1.5.3/leptonica-1.79.0-1.5.3-linux-armhf.jar:/home/enghin/.m2/repository/org/bytedeco/leptonica/1.79.0-1.5.3/leptonica-1.79.0-1.5.3-linux-arm64.jar:/home/enghin/.m2/repository/org/bytedeco/leptonica/1.79.0-1.5.3/leptonica-1.79.0-1.5.3-linux-ppc64le.jar:/home/enghin/.m2/repository/org/bytedeco/leptonica/1.79.0-1.5.3/leptonica-1.79.0-1.5.3-macosx-x86_64.jar:/home/enghin/.m2/repository/org/bytedeco/leptonica/1.79.0-1.5.3/leptonica-1.79.0-1.5.3-windows-x86.jar:/home/enghin/.m2/repository/org/bytedeco/leptonica/1.79.0-1.5.3/leptonica-1.79.0-1.5.3-windows-x86_64.jar:/home/enghin/.m2/repository/org/deeplearning4j/deeplearning4j-ui-components/1.0.0-beta7/deeplearning4j-ui-components-1.0.0-beta7.jar:/home/enghin/.m2/repository/com/github/oshi/oshi-json/3.4.2/oshi-json-3.4.2.jar:/home/enghin/.m2/repository/org/glassfish/javax.json/1.0.4/javax.json-1.0.4.jar:/home/enghin/.m2/repository/com/github/oshi/oshi-core/3.4.2/oshi-core-3.4.2.jar:/home/enghin/.m2/repository/net/java/dev/jna/jna-platform/4.3.0/jna-platform-4.3.0.jar:/home/enghin/.m2/repository/net/java/dev/jna/jna/4.3.0/jna-4.3.0.jar:/home/enghin/.m2/repository/org/threeten/threetenbp/1.3.3/threetenbp-1.3.3.jar:/home/enghin/.m2/repository/org/nd4j/nd4j-native/1.0.0-beta7/nd4j-native-1.0.0-beta7.jar:/home/enghin/.m2/repository/org/nd4j/nd4j-native/1.0.0-beta7/nd4j-native-1.0.0-beta7-linux-x86_64.jar:/home/enghin/.m2/repository/org/bytedeco/javacpp/1.5.3/javacpp-1.5.3.jar:/home/enghin/.m2/repository/org/bytedeco/javacpp/1.5.3/javacpp-1.5.3-linux-x86_64.jar:/home/enghin/.m2/repository/org/bytedeco/openblas/0.3.9-1-1.5.3/openblas-0.3.9-1-1.5.3.jar:/home/enghin/.m2/repository/org/bytedeco/openblas/0.3.9-1-1.5.3/openblas-0.3.9-1-1.5.3-linux-x86_64.jar:/home/enghin/.m2/repository/org/nd4j/nd4j-native-api/1.0.0-beta7/nd4j-native-api-1.0.0-beta7.jar:/home/enghin/.m2/repository/junit/junit/4.11/junit-4.11.jar:/home/enghin/.m2/repository/org/hamcrest/hamcrest-core/1.3/hamcrest-core-1.3.jar:"/>
    <property name="sun.cpu.endian" value="little"/>
    <property name="user.home" value="/home/enghin"/>
    <property name="user.language" value="en"/>
    <property name="java.specification.vendor" value="Oracle Corporation"/>
    <property name="java.version.date" value="2020-01-14"/>
    <property name="java.home" value="/home/enghin/.sdkman/candidates/java/11.0.6-open"/>
    <property name="file.separator" value="/"/>
    <property name="basedir" value="/home/enghin/Documents/Personal/Projects/NN"/>
    <property name="java.vm.compressedOopsMode" value="Zero based"/>
    <property name="line.separator" value="&#10;"/>
    <property name="java.specification.name" value="Java Platform API Specification"/>
    <property name="java.vm.specification.vendor" value="Oracle Corporation"/>
    <property name="java.awt.graphicsenv" value="sun.awt.X11GraphicsEnvironment"/>
    <property name="surefire.real.class.path" value="/home/enghin/Documents/Personal/Projects/NN/target/surefire/surefirebooter5402885322607215842.jar"/>
    <property name="sun.management.compiler" value="HotSpot 64-Bit Tiered Compilers"/>
    <property name="java.runtime.version" value="11.0.6+10"/>
    <property name="user.name" value="enghin"/>
    <property name="path.separator" value=":"/>
    <property name="os.version" value="5.4.0-52-generic"/>
    <property name="java.runtime.name" value="OpenJDK Runtime Environment"/>
    <property name="file.encoding" value="UTF-8"/>
    <property name="java.vm.name" value="OpenJDK 64-Bit Server VM"/>
    <property name="java.vendor.version" value="18.9"/>
    <property name="localRepository" value="/home/enghin/.m2/repository"/>
    <property name="java.vendor.url.bug" value="http://bugreport.java.com/bugreport/"/>
    <property name="java.io.tmpdir" value="/tmp"/>
    <property name="idea.version" value="2020.2.3"/>
    <property name="java.version" value="11.0.6"/>
    <property name="user.dir" value="/home/enghin/Documents/Personal/Projects/NN"/>
    <property name="os.arch" value="amd64"/>
    <property name="java.vm.specification.name" value="Java Virtual Machine Specification"/>
    <property name="java.awt.printerjob" value="sun.print.PSPrinterJob"/>
    <property name="sun.os.patch.level" value="unknown"/>
    <property name="java.library.path" value="/usr/java/packages/lib:/usr/lib64:/lib64:/lib:/usr/lib"/>
    <property name="java.vendor" value="Oracle Corporation"/>
    <property name="java.vm.info" value="mixed mode"/>
    <property name="java.vm.version" value="11.0.6+10"/>
    <property name="sun.io.unicode.encoding" value="UnicodeLittle"/>
    <property name="java.class.version" value="55.0"/>
  </properties>
  <testcase name="shouldAnswerWithTrue" classname="org.example.AppTest" time="0.003"/>
</testsuite>